/opt/cnyhacks/routes/users.js:128
    if(req.user.id !== user.id) {
                            ^

TypeError: Cannot read property 'id' of undefined
    at Statement.<anonymous> (/opt/cnyhacks/routes/users.js:128:29)
npm ERR! code ELIFECYCLE
npm ERR! errno 1
npm ERR! hackathon-web-ctf@0.0.0 start: `node ./bin/www`
npm ERR! Exit status 1
npm ERR! 
npm ERR! Failed at the hackathon-web-ctf@0.0.0 start script.
npm ERR! This is probably not a problem with npm. There is likely additional logging output above.

npm ERR! A complete log of this run can be found in:
npm ERR!     /home/ctf/.npm/_logs/2017-11-04T19_45_40_913Z-debug.log

root@ubuntu-3:/opt/cnyhacks# cat /home/ctf/.npm/_logs/2017-11-04T19_45_40_913Z-debug.log
0 info it worked if it ends with ok
1 verbose cli [ '/usr/bin/node', '/usr/bin/npm', 'start' ]
2 info using npm@5.5.1
3 info using node@v8.9.0
4 verbose run-script [ 'prestart', 'start', 'poststart' ]
5 info lifecycle hackathon-web-ctf@0.0.0~prestart: hackathon-web-ctf@0.0.0
6 info lifecycle hackathon-web-ctf@0.0.0~start: hackathon-web-ctf@0.0.0
7 verbose lifecycle hackathon-web-ctf@0.0.0~start: unsafe-perm in lifecycle true
8 verbose lifecycle hackathon-web-ctf@0.0.0~start: PATH: /usr/lib/node_modules/npm/bin/node-gyp-bin:/opt/cnyhacks/node_modules/.bin:/home/ctf/bin:/home/ctf/.local/bin:/usr/local/sbin:/usr/local/bin:/usr/sbin:/usr/bin:/sbin:/bin:/snap/bin:/snap/bin
9 verbose lifecycle hackathon-web-ctf@0.0.0~start: CWD: /opt/cnyhacks
10 silly lifecycle hackathon-web-ctf@0.0.0~start: Args: [ '-c', 'node ./bin/www' ]
11 silly lifecycle hackathon-web-ctf@0.0.0~start: Returned: code: 1  signal: null
12 info lifecycle hackathon-web-ctf@0.0.0~start: Failed to exec start script
13 verbose stack Error: hackathon-web-ctf@0.0.0 start: `node ./bin/www`
13 verbose stack Exit status 1
13 verbose stack     at EventEmitter.<anonymous> (/usr/lib/node_modules/npm/node_modules/npm-lifecycle/index.js:280:16)
13 verbose stack     at emitTwo (events.js:126:13)
13 verbose stack     at EventEmitter.emit (events.js:214:7)
13 verbose stack     at ChildProcess.<anonymous> (/usr/lib/node_modules/npm/node_modules/npm-lifecycle/lib/spawn.js:55:14)
13 verbose stack     at emitTwo (events.js:126:13)
13 verbose stack     at ChildProcess.emit (events.js:214:7)
13 verbose stack     at maybeClose (internal/child_process.js:925:16)
13 verbose stack     at Process.ChildProcess._handle.onexit (internal/child_process.js:209:5)
14 verbose pkgid hackathon-web-ctf@0.0.0
15 verbose cwd /opt/cnyhacks
16 verbose Linux 4.4.0-98-generic
17 verbose argv "/usr/bin/node" "/usr/bin/npm" "start"
18 verbose node v8.9.0
19 verbose npm  v5.5.1
20 error code ELIFECYCLE
21 error errno 1
22 error hackathon-web-ctf@0.0.0 start: `node ./bin/www`
22 error Exit status 1
23 error Failed at the hackathon-web-ctf@0.0.0 start script.
23 error This is probably not a problem with npm. There is likely additional logging output above.
24 verbose exit [ 1, true ]

